<?xml version="1.0" encoding="UTF-8"?>
<!-- Generated by org.testng.reporters.JUnitXMLReporter -->
<testsuite ignored="0" hostname="ANKIT-PC" failures="0" tests="5" name="BankingApp Test" time="70.967" errors="0" timestamp="2022-09-23T13:36:56 GMT-07:00">
  <testcase classname="com.inetbanking.testCases.TC_LoginTest_001" name="loginTest" time="7.461"/>
  <testcase classname="com.inetbanking.testCases.TC_LoginDDT_002" name="loginDDT" time="11.858"/>
  <testcase classname="com.inetbanking.testCases.TC_LoginDDT_002" name="loginDDT" time="11.321"/>
  <testcase classname="com.inetbanking.testCases.TC_LoginDDT_002" name="loginDDT" time="11.32"/>
  <testcase classname="com.inetbanking.testCases.TC_AddCustomerTest_003" name="addNewCustomer" time="15.973"/>
</testsuite> <!-- BankingApp Test -->
