<?xml version="1.0" encoding="UTF-8"?>
<!-- Generated by org.testng.reporters.JUnitXMLReporter -->
<testsuite ignored="0" hostname="ANKIT-PC" failures="0" tests="4" name="BankingApp Test" time="50.395" errors="0" timestamp="2022-09-21T12:27:54 GMT-07:00">
  <testcase classname="com.inetbanking.testCases.TC_LoginTest_001" name="loginTest" time="7.313"/>
  <testcase classname="com.inetbanking.testCases.TC_LoginDDT_002" name="loginDDT" time="11.73"/>
  <testcase classname="com.inetbanking.testCases.TC_LoginDDT_002" name="loginDDT" time="11.164"/>
  <testcase classname="com.inetbanking.testCases.TC_LoginDDT_002" name="loginDDT" time="11.25"/>
</testsuite> <!-- BankingApp Test -->
