<?xml version="1.0" encoding="UTF-8"?>
<!-- Generated by org.testng.reporters.JUnitXMLReporter -->
<testsuite ignored="0" hostname="ANKIT-PC" failures="0" tests="5" name="BankingApp Test" time="72.024" errors="0" timestamp="2022-09-23T13:02:45 GMT-07:00">
  <testcase classname="com.inetbanking.testCases.TC_LoginTest_001" name="loginTest" time="8.406"/>
  <testcase classname="com.inetbanking.testCases.TC_LoginDDT_002" name="loginDDT" time="11.809"/>
  <testcase classname="com.inetbanking.testCases.TC_LoginDDT_002" name="loginDDT" time="11.594"/>
  <testcase classname="com.inetbanking.testCases.TC_LoginDDT_002" name="loginDDT" time="11.109"/>
  <testcase classname="com.inetbanking.testCases.TC_AddCustomerTest_003" name="addNewCustomer" time="14.874"/>
</testsuite> <!-- BankingApp Test -->
