<?xml version="1.0" encoding="UTF-8"?>
<!-- Generated by org.testng.reporters.JUnitXMLReporter -->
<testsuite ignored="0" hostname="ANKIT-PC" failures="0" tests="4" name="BankingApp Test" time="52.613" errors="0" timestamp="2022-09-21T12:18:44 GMT-07:00">
  <testcase classname="com.inetbanking.testCases.TC_LoginTest_001" name="loginTest" time="8.808"/>
  <testcase classname="com.inetbanking.testCases.TC_LoginDDT_002" name="loginDDT" time="11.75"/>
  <testcase classname="com.inetbanking.testCases.TC_LoginDDT_002" name="loginDDT" time="11.534"/>
  <testcase classname="com.inetbanking.testCases.TC_LoginDDT_002" name="loginDDT" time="11.135"/>
</testsuite> <!-- BankingApp Test -->
