<?xml version="1.0" encoding="UTF-8"?>
<testng-results ignored="0" total="4" passed="4" failed="0" skipped="0">
  <reporter-output>
  </reporter-output>
  <suite started-at="2022-09-21T12:27:04 GMT-07:00" name="inetBankingV1_Framework" finished-at="2022-09-21T12:27:54 GMT-07:00" duration-ms="50395">
    <groups>
    </groups>
    <test started-at="2022-09-21T12:27:04 GMT-07:00" name="BankingApp Test" finished-at="2022-09-21T12:27:54 GMT-07:00" duration-ms="50395">
      <class name="com.inetbanking.testCases.TC_LoginDDT_002">
        <test-method is-config="true" signature="setup(java.lang.String)[pri:0, instance:com.inetbanking.testCases.TC_LoginDDT_002@54a7079e]" started-at="2022-09-21T12:27:16 GMT-07:00" name="setup" finished-at="2022-09-21T12:27:19 GMT-07:00" duration-ms="3002" status="PASS">
          <params>
            <param index="0">
              <value>
                <![CDATA[chrome]]>
              </value>
            </param>
          </params>
          <reporter-output>
          </reporter-output>
        </test-method> <!-- setup -->
        <test-method signature="loginDDT(java.lang.String,java.lang.String)[pri:0, instance:com.inetbanking.testCases.TC_LoginDDT_002@54a7079e]" started-at="2022-09-21T12:27:20 GMT-07:00" name="loginDDT" data-provider="LoginData" finished-at="2022-09-21T12:27:31 GMT-07:00" duration-ms="11730" status="PASS">
          <params>
            <param index="0">
              <value>
                <![CDATA[mngr441516]]>
              </value>
            </param>
            <param index="1">
              <value>
                <![CDATA[bYmuvyp]]>
              </value>
            </param>
          </params>
          <reporter-output>
          </reporter-output>
        </test-method> <!-- loginDDT -->
        <test-method signature="loginDDT(java.lang.String,java.lang.String)[pri:0, instance:com.inetbanking.testCases.TC_LoginDDT_002@54a7079e]" started-at="2022-09-21T12:27:31 GMT-07:00" name="loginDDT" data-provider="LoginData" finished-at="2022-09-21T12:27:43 GMT-07:00" duration-ms="11164" status="PASS">
          <params>
            <param index="0">
              <value>
                <![CDATA[mngr441517]]>
              </value>
            </param>
            <param index="1">
              <value>
                <![CDATA[nyqavyh]]>
              </value>
            </param>
          </params>
          <reporter-output>
          </reporter-output>
        </test-method> <!-- loginDDT -->
        <test-method signature="loginDDT(java.lang.String,java.lang.String)[pri:0, instance:com.inetbanking.testCases.TC_LoginDDT_002@54a7079e]" started-at="2022-09-21T12:27:43 GMT-07:00" name="loginDDT" data-provider="LoginData" finished-at="2022-09-21T12:27:54 GMT-07:00" duration-ms="11250" status="PASS">
          <params>
            <param index="0">
              <value>
                <![CDATA[mngr441518]]>
              </value>
            </param>
            <param index="1">
              <value>
                <![CDATA[jenuben]]>
              </value>
            </param>
          </params>
          <reporter-output>
          </reporter-output>
        </test-method> <!-- loginDDT -->
        <test-method is-config="true" signature="tearDown()[pri:0, instance:com.inetbanking.testCases.TC_LoginDDT_002@54a7079e]" started-at="2022-09-21T12:27:54 GMT-07:00" name="tearDown" finished-at="2022-09-21T12:27:54 GMT-07:00" duration-ms="123" status="PASS">
          <reporter-output>
          </reporter-output>
        </test-method> <!-- tearDown -->
      </class> <!-- com.inetbanking.testCases.TC_LoginDDT_002 -->
      <class name="com.inetbanking.testCases.TC_LoginTest_001">
        <test-method is-config="true" signature="setup(java.lang.String)[pri:0, instance:com.inetbanking.testCases.TC_LoginTest_001@71a8adcf]" started-at="2022-09-21T12:27:04 GMT-07:00" name="setup" finished-at="2022-09-21T12:27:08 GMT-07:00" duration-ms="4125" status="PASS">
          <params>
            <param index="0">
              <value>
                <![CDATA[chrome]]>
              </value>
            </param>
          </params>
          <reporter-output>
          </reporter-output>
        </test-method> <!-- setup -->
        <test-method signature="loginTest()[pri:0, instance:com.inetbanking.testCases.TC_LoginTest_001@71a8adcf]" started-at="2022-09-21T12:27:08 GMT-07:00" name="loginTest" finished-at="2022-09-21T12:27:16 GMT-07:00" duration-ms="7313" status="PASS">
          <reporter-output>
          </reporter-output>
        </test-method> <!-- loginTest -->
        <test-method is-config="true" signature="tearDown()[pri:0, instance:com.inetbanking.testCases.TC_LoginTest_001@71a8adcf]" started-at="2022-09-21T12:27:16 GMT-07:00" name="tearDown" finished-at="2022-09-21T12:27:16 GMT-07:00" duration-ms="145" status="PASS">
          <reporter-output>
          </reporter-output>
        </test-method> <!-- tearDown -->
      </class> <!-- com.inetbanking.testCases.TC_LoginTest_001 -->
    </test> <!-- BankingApp Test -->
  </suite> <!-- inetBankingV1_Framework -->
</testng-results>
