<?xml version="1.0" encoding="UTF-8"?>
<testng-results ignored="0" total="1" passed="1" failed="0" skipped="0">
  <reporter-output>
  </reporter-output>
  <suite started-at="2022-08-29T13:43:33 GMT-07:00" name="inetBankingV1_Framework" finished-at="2022-08-29T13:43:47 GMT-07:00" duration-ms="13606">
    <groups>
    </groups>
    <test started-at="2022-08-29T13:43:33 GMT-07:00" name="BankingApp Test" finished-at="2022-08-29T13:43:47 GMT-07:00" duration-ms="13606">
      <class name="com.inetbanking.testCases.TC_LoginTest_001">
        <test-method is-config="true" signature="setup(java.lang.String)[pri:0, instance:com.inetbanking.testCases.TC_LoginTest_001@4c9f8c13]" started-at="2022-08-29T13:43:34 GMT-07:00" name="setup" finished-at="2022-08-29T13:43:41 GMT-07:00" duration-ms="7720" status="PASS">
          <params>
            <param index="0">
              <value>
                <![CDATA[chrome]]>
              </value>
            </param>
          </params>
          <reporter-output>
          </reporter-output>
        </test-method> <!-- setup -->
        <test-method signature="loginTest()[pri:0, instance:com.inetbanking.testCases.TC_LoginTest_001@4c9f8c13]" started-at="2022-08-29T13:43:41 GMT-07:00" name="loginTest" finished-at="2022-08-29T13:43:46 GMT-07:00" duration-ms="4805" status="PASS">
          <reporter-output>
          </reporter-output>
        </test-method> <!-- loginTest -->
        <test-method is-config="true" signature="tearDown()[pri:0, instance:com.inetbanking.testCases.TC_LoginTest_001@4c9f8c13]" started-at="2022-08-29T13:43:46 GMT-07:00" name="tearDown" finished-at="2022-08-29T13:43:47 GMT-07:00" duration-ms="565" status="PASS">
          <reporter-output>
          </reporter-output>
        </test-method> <!-- tearDown -->
      </class> <!-- com.inetbanking.testCases.TC_LoginTest_001 -->
    </test> <!-- BankingApp Test -->
  </suite> <!-- inetBankingV1_Framework -->
</testng-results>
