<?xml version="1.0" encoding="UTF-8"?>
<testng-results ignored="0" total="5" passed="5" failed="0" skipped="0">
  <reporter-output>
  </reporter-output>
  <suite started-at="2022-09-23T13:01:33 GMT-07:00" name="inetBankingV1_Framework" finished-at="2022-09-23T13:02:45 GMT-07:00" duration-ms="72024">
    <groups>
    </groups>
    <test started-at="2022-09-23T13:01:33 GMT-07:00" name="BankingApp Test" finished-at="2022-09-23T13:02:45 GMT-07:00" duration-ms="72024">
      <class name="com.inetbanking.testCases.TC_LoginDDT_002">
        <test-method is-config="true" signature="setup(java.lang.String)[pri:0, instance:com.inetbanking.testCases.TC_LoginDDT_002@158a8276]" started-at="2022-09-23T13:01:48 GMT-07:00" name="setup" finished-at="2022-09-23T13:01:51 GMT-07:00" duration-ms="3104" status="PASS">
          <params>
            <param index="0">
              <value>
                <![CDATA[chrome]]>
              </value>
            </param>
          </params>
          <reporter-output>
          </reporter-output>
        </test-method> <!-- setup -->
        <test-method signature="loginDDT(java.lang.String,java.lang.String)[pri:0, instance:com.inetbanking.testCases.TC_LoginDDT_002@158a8276]" started-at="2022-09-23T13:01:52 GMT-07:00" name="loginDDT" data-provider="LoginData" finished-at="2022-09-23T13:02:04 GMT-07:00" duration-ms="11809" status="PASS">
          <params>
            <param index="0">
              <value>
                <![CDATA[mngr441516]]>
              </value>
            </param>
            <param index="1">
              <value>
                <![CDATA[bYmuvyp]]>
              </value>
            </param>
          </params>
          <reporter-output>
          </reporter-output>
        </test-method> <!-- loginDDT -->
        <test-method signature="loginDDT(java.lang.String,java.lang.String)[pri:0, instance:com.inetbanking.testCases.TC_LoginDDT_002@158a8276]" started-at="2022-09-23T13:02:04 GMT-07:00" name="loginDDT" data-provider="LoginData" finished-at="2022-09-23T13:02:15 GMT-07:00" duration-ms="11594" status="PASS">
          <params>
            <param index="0">
              <value>
                <![CDATA[mngr441517]]>
              </value>
            </param>
            <param index="1">
              <value>
                <![CDATA[nyqavyh]]>
              </value>
            </param>
          </params>
          <reporter-output>
          </reporter-output>
        </test-method> <!-- loginDDT -->
        <test-method signature="loginDDT(java.lang.String,java.lang.String)[pri:0, instance:com.inetbanking.testCases.TC_LoginDDT_002@158a8276]" started-at="2022-09-23T13:02:15 GMT-07:00" name="loginDDT" data-provider="LoginData" finished-at="2022-09-23T13:02:27 GMT-07:00" duration-ms="11109" status="PASS">
          <params>
            <param index="0">
              <value>
                <![CDATA[mngr441518]]>
              </value>
            </param>
            <param index="1">
              <value>
                <![CDATA[jenuben]]>
              </value>
            </param>
          </params>
          <reporter-output>
          </reporter-output>
        </test-method> <!-- loginDDT -->
        <test-method is-config="true" signature="tearDown()[pri:0, instance:com.inetbanking.testCases.TC_LoginDDT_002@158a8276]" started-at="2022-09-23T13:02:27 GMT-07:00" name="tearDown" finished-at="2022-09-23T13:02:27 GMT-07:00" duration-ms="248" status="PASS">
          <reporter-output>
          </reporter-output>
        </test-method> <!-- tearDown -->
      </class> <!-- com.inetbanking.testCases.TC_LoginDDT_002 -->
      <class name="com.inetbanking.testCases.TC_LoginTest_001">
        <test-method is-config="true" signature="setup(java.lang.String)[pri:0, instance:com.inetbanking.testCases.TC_LoginTest_001@c0c2f8d]" started-at="2022-09-23T13:01:33 GMT-07:00" name="setup" finished-at="2022-09-23T13:01:39 GMT-07:00" duration-ms="6027" status="PASS">
          <params>
            <param index="0">
              <value>
                <![CDATA[chrome]]>
              </value>
            </param>
          </params>
          <reporter-output>
          </reporter-output>
        </test-method> <!-- setup -->
        <test-method signature="loginTest()[pri:0, instance:com.inetbanking.testCases.TC_LoginTest_001@c0c2f8d]" started-at="2022-09-23T13:01:39 GMT-07:00" name="loginTest" finished-at="2022-09-23T13:01:47 GMT-07:00" duration-ms="8406" status="PASS">
          <reporter-output>
          </reporter-output>
        </test-method> <!-- loginTest -->
        <test-method is-config="true" signature="tearDown()[pri:0, instance:com.inetbanking.testCases.TC_LoginTest_001@c0c2f8d]" started-at="2022-09-23T13:01:47 GMT-07:00" name="tearDown" finished-at="2022-09-23T13:01:48 GMT-07:00" duration-ms="565" status="PASS">
          <reporter-output>
          </reporter-output>
        </test-method> <!-- tearDown -->
      </class> <!-- com.inetbanking.testCases.TC_LoginTest_001 -->
      <class name="com.inetbanking.testCases.TC_AddCustomerTest_003">
        <test-method is-config="true" signature="setup(java.lang.String)[pri:0, instance:com.inetbanking.testCases.TC_AddCustomerTest_003@3c3d9b6b]" started-at="2022-09-23T13:02:27 GMT-07:00" name="setup" finished-at="2022-09-23T13:02:29 GMT-07:00" duration-ms="2611" status="PASS">
          <params>
            <param index="0">
              <value>
                <![CDATA[chrome]]>
              </value>
            </param>
          </params>
          <reporter-output>
          </reporter-output>
        </test-method> <!-- setup -->
        <test-method signature="addNewCustomer()[pri:0, instance:com.inetbanking.testCases.TC_AddCustomerTest_003@3c3d9b6b]" started-at="2022-09-23T13:02:29 GMT-07:00" name="addNewCustomer" finished-at="2022-09-23T13:02:44 GMT-07:00" duration-ms="14874" status="PASS">
          <reporter-output>
          </reporter-output>
        </test-method> <!-- addNewCustomer -->
        <test-method is-config="true" signature="tearDown()[pri:0, instance:com.inetbanking.testCases.TC_AddCustomerTest_003@3c3d9b6b]" started-at="2022-09-23T13:02:44 GMT-07:00" name="tearDown" finished-at="2022-09-23T13:02:45 GMT-07:00" duration-ms="233" status="PASS">
          <reporter-output>
          </reporter-output>
        </test-method> <!-- tearDown -->
      </class> <!-- com.inetbanking.testCases.TC_AddCustomerTest_003 -->
    </test> <!-- BankingApp Test -->
  </suite> <!-- inetBankingV1_Framework -->
</testng-results>
